#
# There is insufficient memory for the Java Runtime Environment to continue.
# Native memory allocation (mmap) failed to map 130023424 bytes for Failed to commit area from 0x0000000084400000 to 0x000000008c000000 of length 130023424.
# Possible reasons:
#   The system is out of physical RAM or swap space
#   The process is running with CompressedOops enabled, and the Java Heap may be blocking the growth of the native heap
# Possible solutions:
#   Reduce memory load on the system
#   Increase physical memory or swap space
#   Check if swap backing store is full
#   Decrease Java heap size (-Xmx/-Xms)
#   Decrease number of Java threads
#   Decrease Java thread stack sizes (-Xss)
#   Set larger code cache with -XX:ReservedCodeCacheSize=
# This output file may be truncated or incomplete.
#
#  Out of Memory Error (./src/hotspot/os/windows/os_windows.cpp:3390), pid=11564, tid=11964
#
# JRE version:  (11.0.15+10) (build )
# Java VM: OpenJDK 64-Bit Server VM (11.0.15+10, mixed mode, sharing, tiered, compressed oops, g1 gc, windows-amd64)
# No core dump will be written. Minidumps are not enabled by default on client versions of Windows
#

---------------  S U M M A R Y ------------

Command Line: org.jetbrains.kotlin.cli.jvm.K2JVMCompiler @D:\newProject\node_modules\react-native-screens\android\build\20231015_11305251533089444303.compiler.options

Host: 11th Gen Intel(R) Core(TM) i7-1165G7 @ 2.80GHz, 8 cores, 7G,  Windows 11 , 64 bit Build 22621 (10.0.22621.2215)
Time: Sun Oct 15 23:17:03 2023 Pakistan Standard Time elapsed time: 0.025095 seconds (0d 0h 0m 0s)

---------------  T H R E A D  ---------------

Current thread (0x000001f16bf60800):  JavaThread "Unknown thread" [_thread_in_vm, id=11964, stack(0x000000e00bc00000,0x000000e00bd00000)]

Stack: [0x000000e00bc00000,0x000000e00bd00000]
Native frames: (J=compiled Java code, j=interpreted, Vv=VM code, C=native code)
V  [jvm.dll+0x64dd3a]
V  [jvm.dll+0x7906c9]
V  [jvm.dll+0x791d9c]
V  [jvm.dll+0x792463]
V  [jvm.dll+0x265048]
V  [jvm.dll+0x64ac9a]
V  [jvm.dll+0x63f205]
V  [jvm.dll+0x32090c]
V  [jvm.dll+0x320792]
V  [jvm.dll+0x326076]
V  [jvm.dll+0x374b2f]
V  [jvm.dll+0x374550]
V  [jvm.dll+0x2fbec8]
V  [jvm.dll+0x2fd036]
V  [jvm.dll+0x769e77]
V  [jvm.dll+0x76b63f]
V  [jvm.dll+0x3819c9]
V  [jvm.dll+0x74c60e]
V  [jvm.dll+0x3f489d]
V  [jvm.dll+0x3f6ab1]
C  [jli.dll+0x51c7]
C  [ucrtbase.dll+0x29363]
C  [KERNEL32.DLL+0x1257d]
C  [ntdll.dll+0x5aa68]


---------------  P R O C E S S  ---------------

Threads class SMR info:
_java_thread_list=0x000001f16bdf82b0, length=0, elements={
}

Java Threads: ( => current thread )

Other Threads:
  0x000001f16bf77000 GCTaskThread "GC Thread#0" [stack: 0x000000e00bd00000,0x000000e00be00000] [id=18912]
  0x000001f16bfa6000 ConcurrentGCThread "G1 Main Marker" [stack: 0x000000e00be00000,0x000000e00bf00000] [id=3924]
  0x000001f16bfaa800 ConcurrentGCThread "G1 Conc#0" [stack: 0x000000e00bf00000,0x000000e00c000000] [id=8224]

[error occurred during error reporting (printing all threads), id 0xc0000005, EXCEPTION_ACCESS_VIOLATION (0xc0000005) at pc=0x00007ffd7d94b8e7]

VM state:not at safepoint (not fully initialized)

VM Mutex/Monitor currently owned by a thread:  ([mutex/lock_event])
[0x000001f16bf5ebe0] Heap_lock - owner thread: 0x000001f16bf60800

Heap address: 0x0000000084400000, size: 1980 MB, Compressed Oops mode: Non-zero based: 0x0000000084400000
Narrow klass base: 0x0000000000000000, Narrow klass shift: 0

GC Heap History (0 events):
No events

Deoptimization events (0 events):
No events

Classes redefined (0 events):
No events

Internal exceptions (0 events):
No events

Events (1 events):
Event: 0.012 Loaded shared library C:\Program Files\OpenJDK\openjdk-11.0.15_10\bin\zip.dll


Dynamic libraries:
0x00007ff633a80000 - 0x00007ff633a8d000 	C:\Program Files\OpenJDK\openjdk-11.0.15_10\bin\java.exe
0x00007ffe13770000 - 0x00007ffe13984000 	C:\WINDOWS\SYSTEM32\ntdll.dll
0x00007ffe11980000 - 0x00007ffe11a44000 	C:\WINDOWS\System32\KERNEL32.DLL
0x00007ffe10bc0000 - 0x00007ffe10f64000 	C:\WINDOWS\System32\KERNELBASE.dll
0x00007ffe10f70000 - 0x00007ffe11081000 	C:\WINDOWS\System32\ucrtbase.dll
0x00007ffdc9310000 - 0x00007ffdc9328000 	C:\Program Files\OpenJDK\openjdk-11.0.15_10\bin\jli.dll
0x00007ffe11d80000 - 0x00007ffe11f2e000 	C:\WINDOWS\System32\USER32.dll
0x00007ffe113b0000 - 0x00007ffe113d6000 	C:\WINDOWS\System32\win32u.dll
0x00007ffe128d0000 - 0x00007ffe128f9000 	C:\WINDOWS\System32\GDI32.dll
0x00007ffe113e0000 - 0x00007ffe114f8000 	C:\WINDOWS\System32\gdi32full.dll
0x00007ffe10b20000 - 0x00007ffe10bba000 	C:\WINDOWS\System32\msvcp_win.dll
0x00007ffdc8f40000 - 0x00007ffdc8f56000 	C:\Program Files\OpenJDK\openjdk-11.0.15_10\bin\VCRUNTIME140.dll
0x00007ffdf4b30000 - 0x00007ffdf4dc3000 	C:\WINDOWS\WinSxS\amd64_microsoft.windows.common-controls_6595b64144ccf1df_6.0.22621.2215_none_270d72677387dfc3\COMCTL32.dll
0x00007ffe130a0000 - 0x00007ffe13147000 	C:\WINDOWS\System32\msvcrt.dll
0x00007ffe12be0000 - 0x00007ffe12c11000 	C:\WINDOWS\System32\IMM32.DLL
0x00007ffd7e1a0000 - 0x00007ffd7e24a000 	C:\Program Files\OpenJDK\openjdk-11.0.15_10\bin\msvcp140.dll
0x00007ffd7d640000 - 0x00007ffd7e191000 	C:\Program Files\OpenJDK\openjdk-11.0.15_10\bin\server\jvm.dll
0x00007ffe11cd0000 - 0x00007ffe11d80000 	C:\WINDOWS\System32\ADVAPI32.dll
0x00007ffe11ac0000 - 0x00007ffe11b66000 	C:\WINDOWS\System32\sechost.dll
0x00007ffe11b90000 - 0x00007ffe11ca7000 	C:\WINDOWS\System32\RPCRT4.dll
0x00007ffe11cb0000 - 0x00007ffe11cb8000 	C:\WINDOWS\System32\PSAPI.DLL
0x00007ffe07fa0000 - 0x00007ffe07fd4000 	C:\WINDOWS\SYSTEM32\WINMM.dll
0x00007ffde9ce0000 - 0x00007ffde9ce9000 	C:\WINDOWS\SYSTEM32\WSOCK32.dll
0x00007ffe12850000 - 0x00007ffe128c1000 	C:\WINDOWS\System32\WS2_32.dll
0x00007ffe07cd0000 - 0x00007ffe07cda000 	C:\WINDOWS\SYSTEM32\VERSION.dll
0x00007ffe0fae0000 - 0x00007ffe0faf8000 	C:\WINDOWS\SYSTEM32\kernel.appcore.dll
0x00007ffdc0fb0000 - 0x00007ffdc0fc1000 	C:\Program Files\OpenJDK\openjdk-11.0.15_10\bin\verify.dll
0x00007ffe0dff0000 - 0x00007ffe0e21e000 	C:\WINDOWS\SYSTEM32\DBGHELP.DLL
0x00007ffe13150000 - 0x00007ffe134da000 	C:\WINDOWS\System32\combase.dll
0x00007ffe134e0000 - 0x00007ffe135b7000 	C:\WINDOWS\System32\OLEAUT32.dll
0x00007ffe04320000 - 0x00007ffe04352000 	C:\WINDOWS\SYSTEM32\dbgcore.DLL
0x00007ffe11090000 - 0x00007ffe1110a000 	C:\WINDOWS\System32\bcryptPrimitives.dll
0x00007ffd81380000 - 0x00007ffd813a9000 	C:\Program Files\OpenJDK\openjdk-11.0.15_10\bin\java.dll
0x00007ffde74c0000 - 0x00007ffde74ca000 	C:\Program Files\OpenJDK\openjdk-11.0.15_10\bin\jimage.dll
0x00007ffdaddc0000 - 0x00007ffdaddd8000 	C:\Program Files\OpenJDK\openjdk-11.0.15_10\bin\zip.dll

dbghelp: loaded successfully - version: 4.0.5 - missing functions: none
symbol engine: initialized successfully - sym options: 0x614 - pdb path: .;C:\Program Files\OpenJDK\openjdk-11.0.15_10\bin;C:\WINDOWS\SYSTEM32;C:\WINDOWS\WinSxS\amd64_microsoft.windows.common-controls_6595b64144ccf1df_6.0.22621.2215_none_270d72677387dfc3;C:\Program Files\OpenJDK\openjdk-11.0.15_10\bin\server

VM Arguments:
java_command: org.jetbrains.kotlin.cli.jvm.K2JVMCompiler @D:\newProject\node_modules\react-native-screens\android\build\20231015_11305251533089444303.compiler.options
java_class_path (initial): C:\Users\92313\.gradle\caches\modules-2\files-2.1\org.jetbrains.kotlin\kotlin-compiler-embeddable\1.6.21\97bdd5a752ce73b58ef16c17bc7f0ea2faff7a2e\kotlin-compiler-embeddable-1.6.21.jar;C:\Users\92313\.gradle\caches\modules-2\files-2.1\org.jetbrains.kotlin\kotlin-reflect\1.6.21\5dc3574d9b7bebfcb4ec6b10ada4aaa9e140bd0b\kotlin-reflect-1.6.21.jar;C:\Users\92313\.gradle\caches\modules-2\files-2.1\org.jetbrains.kotlin\kotlin-stdlib\1.6.21\11ef67f1900634fd951bad28c53ec957fabbe5b8\kotlin-stdlib-1.6.21.jar;C:\Users\92313\.gradle\caches\modules-2\files-2.1\org.jetbrains.kotlin\kotlin-script-runtime\1.6.21\99c6675100da5d6d5b1c5a1032f27f28008d101b\kotlin-script-runtime-1.6.21.jar;C:\Users\92313\.gradle\caches\modules-2\files-2.1\org.jetbrains.kotlin\kotlin-daemon-embeddable\1.6.21\46b78cf392e1c4f10854c3cadba44abb7b82250f\kotlin-daemon-embeddable-1.6.21.jar;C:\Users\92313\.gradle\caches\modules-2\files-2.1\org.jetbrains.intellij.deps\trove4j\1.0.20200330\3afb14d5f9ceb459d724e907a21145e8ff394f02\trove4j-1.0.20200330.jar;C:\Users\92313\.gradle\caches\modules-2\files-2.1\net.java.dev.jna\jna\5.6.0\330f2244e9030119ab3030fc3fededc86713d9cc\jna-5.6.0.jar;C:\Users\92313\.gradle\caches\modules-2\files-2.1\org.jetbrains.kotlin\kotlin-stdlib-common\1.6.21\5e5b55c26dbc80372a920aef60eb774b714559b8\kotlin-stdlib-common-1.6.21.jar;C:\Users\92313\.gradle\caches\modules-2\files-2.1\org.jetbrains\annotations\13.0\919f0dfe192fb4e063e7dacadee7f8bb9a2672a9\annotations-13.0.jar
Launcher Type: SUN_STANDARD

[Global flags]
     intx CICompilerCount                          = 4                                         {product} {ergonomic}
     uint ConcGCThreads                            = 2                                         {product} {ergonomic}
     uint G1ConcRefinementThreads                  = 8                                         {product} {ergonomic}
   size_t G1HeapRegionSize                         = 1048576                                   {product} {ergonomic}
    uintx GCDrainStackTargetSize                   = 64                                        {product} {ergonomic}
   size_t InitialHeapSize                          = 130023424                                 {product} {ergonomic}
   size_t MarkStackSize                            = 4194304                                   {product} {ergonomic}
   size_t MaxHeapSize                              = 2076180480                                {product} {ergonomic}
   size_t MinHeapDeltaBytes                        = 1048576                                   {product} {ergonomic}
    uintx NonNMethodCodeHeapSize                   = 5836300                                {pd product} {ergonomic}
    uintx NonProfiledCodeHeapSize                  = 122910970                              {pd product} {ergonomic}
    uintx ProfiledCodeHeapSize                     = 122910970                              {pd product} {ergonomic}
    uintx ReservedCodeCacheSize                    = 251658240                              {pd product} {ergonomic}
     bool SegmentedCodeCache                       = true                                      {product} {ergonomic}
     bool UseCompressedClassPointers               = true                                 {lp64_product} {ergonomic}
     bool UseCompressedOops                        = true                                 {lp64_product} {ergonomic}
     bool UseG1GC                                  = true                                      {product} {ergonomic}
     bool UseLargePagesIndividualAllocation        = false                                  {pd product} {ergonomic}

Logging:
Log output configuration:
 #0: stdout all=warning uptime,level,tags
 #1: stderr all=off uptime,level,tags

Environment Variables:
JAVA_HOME=C:\Program Files\OpenJDK\openjdk-11.0.15_10
CLASSPATH=D:\newProject\android\\gradle\wrapper\gradle-wrapper.jar
PATH=C:\Users\92313\AppData\Local\Temp\yarn--1697393704720-0.5208579989229929;D:\newProject\node_modules\.bin;C:\Users\92313\AppData\Local\Yarn\Data\link\node_modules\.bin;C:\Users\92313\AppData\Local\Yarn\bin;C:\Program Files\libexec\lib\node_modules\npm\bin\node-gyp-bin;C:\Program Files\lib\node_modules\npm\bin\node-gyp-bin;C:\Program Files\nodejs\node_modules\npm\bin\node-gyp-bin;C:\Windows\system32;C:\Windows;C:\Windows\System32\Wbem;C:\Windows\System32\WindowsPowerShell\v1.0\;C:\Windows\System32\OpenSSH\;C:\ProgramData\chocolatey\bin;C:\Program Files\OpenJDK\openjdk-8u302-b08\bin;C:\Users\92313\AppData\Local\Android\Sdk\build-tools;C:\Users\92313\AppData\Local\Android\Sdk\platform-tools;C:\Users\92313\AppData\Local\Android\Sdk\tools;C:\Users\92313\AppData\Local\Android\Sdk\tools\bin;C:\Program Files (x86)\NVIDIA Corporation\PhysX\Common;C:\WINDOWS\system32;C:\WINDOWS;C:\WINDOWS\System32\Wbem;C:\WINDOWS\System32\WindowsPowerShell\v1.0\;C:\WINDOWS\System32\OpenSSH\;C:\Program Files\Git\cmd;C:\Users\92313\AppData\Local\Android\Sdk\emulator;C:\Program Files\NVIDIA Corporation\NVIDIA NvDLISR;C:\WINDOWS\system32;C:\WINDOWS;C:\WINDOWS\System32\Wbem;C:\WINDOWS\System32\WindowsPowerShell\v1.0\;C:\WINDOWS\System32\OpenSSH\;%NVM_HOME%;%NVM_SYMLINK%;C:\Users\92313\AppData\Local\Microsoft\WindowsApps;C:\Users\92313\AppData\Local\Programs\Microsoft VS Code\bin;C:\Users\92313\AppData\Local\GitHubDesktop\bin;C:\ProgramData\92313\GitHubDesktop\bin;C:\Users\92313\AppData\Roaming\nvm;C:\Program Files\nodejs
USERNAME=92313
OS=Windows_NT
PROCESSOR_IDENTIFIER=Intel64 Family 6 Model 140 Stepping 1, GenuineIntel



---------------  S Y S T E M  ---------------

OS: Windows 11 , 64 bit Build 22621 (10.0.22621.2215)
OS uptime: 7 days 9:43 hours
Hyper-V role detected

CPU:total 8 (initial active 8) (4 cores per cpu, 2 threads per core) family 6 model 140 stepping 1 microcode 0xac, cmov, cx8, fxsr, mmx, sse, sse2, sse3, ssse3, sse4.1, sse4.2, popcnt, avx, avx2, aes, clmul, erms, 3dnowpref, lzcnt, ht, tsc, tscinvbit, bmi1, bmi2, adx, evex, sha, fma

Memory: 4k page, system-wide physical 7918M (218M free)
TotalPageFile size 16243M (AvailPageFile size 22M)
current process WorkingSet (physical memory assigned to process): 10M, peak: 10M
current process commit charge ("private bytes"): 60M, peak: 184M

vm_info: OpenJDK 64-Bit Server VM (11.0.15+10) for windows-amd64 JRE (11.0.15+10), built on Apr 21 2022 21:29:46 by "tester" with MS VC++ 15.5 (VS2017)

END.
